[0.023s] Invoking command in '/home/fei/RoboFeiTarefas/Tarefa01/build/pacote': CMAKE_PREFIX_PATH=${CMAKE_PREFIX_PATH}:/opt/ros/humble /usr/bin/cmake /home/fei/RoboFeiTarefas/Tarefa01 -DCMAKE_INSTALL_PREFIX=/home/fei/RoboFeiTarefas/Tarefa01/install/pacote
[0.146s] -- The C compiler identification is GNU 11.4.0
[0.252s] -- The CXX compiler identification is GNU 11.4.0
[0.269s] -- Detecting C compiler ABI info
[0.405s] -- Detecting C compiler ABI info - done
[0.419s] -- Check for working C compiler: /usr/bin/cc - skipped
[0.419s] -- Detecting C compile features
[0.421s] -- Detecting C compile features - done
[0.425s] -- Detecting CXX compiler ABI info
[0.575s] -- Detecting CXX compiler ABI info - done
[0.589s] -- Check for working CXX compiler: /usr/bin/c++ - skipped
[0.589s] -- Detecting CXX compile features
[0.590s] -- Detecting CXX compile features - done
[0.593s] -- Found ament_cmake: 1.3.12 (/opt/ros/humble/share/ament_cmake/cmake)
[0.840s] -- Found Python3: /usr/bin/python3 (found version "3.10.12") found components: Interpreter 
[0.969s] -- Found rclcpp: 16.0.14 (/opt/ros/humble/share/rclcpp/cmake)
[1.023s] -- Found rosidl_generator_c: 3.1.7 (/opt/ros/humble/share/rosidl_generator_c/cmake)
[1.029s] -- Found rosidl_adapter: 3.1.7 (/opt/ros/humble/share/rosidl_adapter/cmake)
[1.040s] -- Found rosidl_generator_cpp: 3.1.7 (/opt/ros/humble/share/rosidl_generator_cpp/cmake)
[1.056s] -- Using all available rosidl_typesupport_c: rosidl_typesupport_fastrtps_c;rosidl_typesupport_introspection_c
[1.077s] -- Using all available rosidl_typesupport_cpp: rosidl_typesupport_fastrtps_cpp;rosidl_typesupport_introspection_cpp
[1.134s] -- Found rmw_implementation_cmake: 6.1.2 (/opt/ros/humble/share/rmw_implementation_cmake/cmake)
[1.137s] -- Found rmw_fastrtps_cpp: 6.2.8 (/opt/ros/humble/share/rmw_fastrtps_cpp/cmake)
[1.330s] -- Found OpenSSL: /usr/lib/x86_64-linux-gnu/libcrypto.so (found version "3.0.2")  
[1.372s] -- Found FastRTPS: /opt/ros/humble/include  
[1.436s] -- Using RMW implementation 'rmw_fastrtps_cpp' as default
[1.447s] -- Looking for pthread.h
[1.600s] -- Looking for pthread.h - found
[1.601s] -- Performing Test CMAKE_HAVE_LIBC_PTHREAD
[1.745s] -- Performing Test CMAKE_HAVE_LIBC_PTHREAD - Success
[1.748s] -- Found Threads: TRUE  
[1.918s] -- Configuring done
[1.931s] -- Generating done
[1.938s] -- Build files have been written to: /home/fei/RoboFeiTarefas/Tarefa01/build/pacote
[1.950s] Invoked command in '/home/fei/RoboFeiTarefas/Tarefa01/build/pacote' returned '0': CMAKE_PREFIX_PATH=${CMAKE_PREFIX_PATH}:/opt/ros/humble /usr/bin/cmake /home/fei/RoboFeiTarefas/Tarefa01 -DCMAKE_INSTALL_PREFIX=/home/fei/RoboFeiTarefas/Tarefa01/install/pacote
[1.954s] Invoking command in '/home/fei/RoboFeiTarefas/Tarefa01/build/pacote': CMAKE_PREFIX_PATH=${CMAKE_PREFIX_PATH}:/opt/ros/humble /usr/bin/cmake --build /home/fei/RoboFeiTarefas/Tarefa01/build/pacote -- -j12 -l12
[2.069s] [ 25%] [32mBuilding CXX object CMakeFiles/talker.dir/src/publisher.cpp.o[0m
[2.070s] [ 50%] [32mBuilding CXX object CMakeFiles/listener.dir/src/subscriber.cpp.o[0m
[5.335s] [ 75%] [32m[1mLinking CXX executable talker[0m
[5.479s] [ 75%] Built target talker
[7.683s] [100%] [32m[1mLinking CXX executable listener[0m
[7.935s] [100%] Built target listener
[7.947s] Invoked command in '/home/fei/RoboFeiTarefas/Tarefa01/build/pacote' returned '0': CMAKE_PREFIX_PATH=${CMAKE_PREFIX_PATH}:/opt/ros/humble /usr/bin/cmake --build /home/fei/RoboFeiTarefas/Tarefa01/build/pacote -- -j12 -l12
[7.957s] Invoking command in '/home/fei/RoboFeiTarefas/Tarefa01/build/pacote': CMAKE_PREFIX_PATH=${CMAKE_PREFIX_PATH}:/opt/ros/humble /usr/bin/cmake --install /home/fei/RoboFeiTarefas/Tarefa01/build/pacote
[7.967s] -- Install configuration: ""
[7.967s] -- Installing: /home/fei/RoboFeiTarefas/Tarefa01/install/pacote/lib/pacote/talker
[7.967s] -- Set runtime path of "/home/fei/RoboFeiTarefas/Tarefa01/install/pacote/lib/pacote/talker" to ""
[7.967s] -- Installing: /home/fei/RoboFeiTarefas/Tarefa01/install/pacote/lib/pacote/listener
[7.969s] -- Set runtime path of "/home/fei/RoboFeiTarefas/Tarefa01/install/pacote/lib/pacote/listener" to ""
[7.969s] -- Installing: /home/fei/RoboFeiTarefas/Tarefa01/install/pacote/share/ament_index/resource_index/package_run_dependencies/pacote
[7.969s] -- Installing: /home/fei/RoboFeiTarefas/Tarefa01/install/pacote/share/ament_index/resource_index/parent_prefix_path/pacote
[7.969s] -- Installing: /home/fei/RoboFeiTarefas/Tarefa01/install/pacote/share/pacote/environment/ament_prefix_path.sh
[7.970s] -- Installing: /home/fei/RoboFeiTarefas/Tarefa01/install/pacote/share/pacote/environment/ament_prefix_path.dsv
[7.970s] -- Installing: /home/fei/RoboFeiTarefas/Tarefa01/install/pacote/share/pacote/environment/path.sh
[7.970s] -- Installing: /home/fei/RoboFeiTarefas/Tarefa01/install/pacote/share/pacote/environment/path.dsv
[7.970s] -- Installing: /home/fei/RoboFeiTarefas/Tarefa01/install/pacote/share/pacote/local_setup.bash
[7.970s] -- Installing: /home/fei/RoboFeiTarefas/Tarefa01/install/pacote/share/pacote/local_setup.sh
[7.970s] -- Installing: /home/fei/RoboFeiTarefas/Tarefa01/install/pacote/share/pacote/local_setup.zsh
[7.970s] -- Installing: /home/fei/RoboFeiTarefas/Tarefa01/install/pacote/share/pacote/local_setup.dsv
[7.970s] -- Installing: /home/fei/RoboFeiTarefas/Tarefa01/install/pacote/share/pacote/package.dsv
[7.971s] -- Installing: /home/fei/RoboFeiTarefas/Tarefa01/install/pacote/share/ament_index/resource_index/packages/pacote
[7.971s] -- Installing: /home/fei/RoboFeiTarefas/Tarefa01/install/pacote/share/pacote/cmake/pacoteConfig.cmake
[7.971s] -- Installing: /home/fei/RoboFeiTarefas/Tarefa01/install/pacote/share/pacote/cmake/pacoteConfig-version.cmake
[7.971s] -- Installing: /home/fei/RoboFeiTarefas/Tarefa01/install/pacote/share/pacote/package.xml
[7.972s] Invoked command in '/home/fei/RoboFeiTarefas/Tarefa01/build/pacote' returned '0': CMAKE_PREFIX_PATH=${CMAKE_PREFIX_PATH}:/opt/ros/humble /usr/bin/cmake --install /home/fei/RoboFeiTarefas/Tarefa01/build/pacote
